[OPENCV:FFMPEG:16] mmco: unref short failure
[OPENCV:FFMPEG:16] mmco: unref short failure
[OPENCV:FFMPEG:16] mmco: unref short failure
[OPENCV:FFMPEG:16] mmco: unref short failure
[OPENCV:FFMPEG:16] mmco: unref short failure
[OPENCV:FFMPEG:16] mmco: unref short failure
[OPENCV:FFMPEG:16] mmco: unref short failure
[OPENCV:FFMPEG:16] mmco: unref short failure
[OPENCV:FFMPEG:16] mmco: unref short failure
[OPENCV:FFMPEG:16] mmco: unref short failure
[OPENCV:FFMPEG:16] mmco: unref short failure
[OPENCV:FFMPEG:16] mmco: unref short failure
[OPENCV:FFMPEG:16] mmco: unref short failure
[OPENCV:FFMPEG:16] mmco: unref short failure
[OPENCV:FFMPEG:16] mmco: unref short failure
[OPENCV:FFMPEG:16] mmco: unref short failure
[OPENCV:FFMPEG:16] mmco: unref short failure
[OPENCV:FFMPEG:16] mmco: unref short failure
[OPENCV:FFMPEG:16] mmco: unref short failure
[OPENCV:FFMPEG:16] mmco: unref short failure
[OPENCV:FFMPEG:16] mmco: unref short failure
[OPENCV:FFMPEG:16] mmco: unref short failure
[OPENCV:FFMPEG:16] mmco: unref short failure
[OPENCV:FFMPEG:16] mmco: unref short failure
[OPENCV:FFMPEG:16] mmco: unref short failure
[OPENCV:FFMPEG:16] mmco: unref short failure
[OPENCV:FFMPEG:16] mmco: unref short failure
[OPENCV:FFMPEG:16] mmco: unref short failure
[OPENCV:FFMPEG:16] mmco: unref short failure
[OPENCV:FFMPEG:16] mmco: unref short failure
[OPENCV:FFMPEG:16] mmco: unref short failure
[OPENCV:FFMPEG:16] mmco: unref short failure
[OPENCV:FFMPEG:16] mmco: unref short failure
[OPENCV:FFMPEG:16] mmco: unref short failure
[OPENCV:FFMPEG:16] mmco: unref short failure
[OPENCV:FFMPEG:16] mmco: unref short failure
[OPENCV:FFMPEG:16] mmco: unref short failure
[OPENCV:FFMPEG:16] mmco: unref short failure
[OPENCV:FFMPEG:16] mmco: unref short failure
[OPENCV:FFMPEG:16] mmco: unref short failure
[OPENCV:FFMPEG:16] mmco: unref short failure
[OPENCV:FFMPEG:16] mmco: unref short failure
[OPENCV:FFMPEG:16] mmco: unref short failure
[OPENCV:FFMPEG:16] mmco: unref short failure
[OPENCV:FFMPEG:16] mmco: unref short failure
[OPENCV:FFMPEG:16] mmco: unref short failure
[OPENCV:FFMPEG:16] mmco: unref short failure
[OPENCV:FFMPEG:16] mmco: unref short failure
[OPENCV:FFMPEG:16] mmco: unref short failure
[OPENCV:FFMPEG:16] mmco: unref short failure
[OPENCV:FFMPEG:16] mmco: unref short failure
[OPENCV:FFMPEG:16] mmco: unref short failure
[OPENCV:FFMPEG:16] mmco: unref short failure
[OPENCV:FFMPEG:16] mmco: unref short failure
[OPENCV:FFMPEG:16] mmco: unref short failure
[OPENCV:FFMPEG:16] mmco: unref short failure
[OPENCV:FFMPEG:16] mmco: unref short failure
[OPENCV:FFMPEG:16] mmco: unref short failure
[OPENCV:FFMPEG:16] mmco: unref short failure
[OPENCV:FFMPEG:16] mmco: unref short failure
[OPENCV:FFMPEG:16] mmco: unref short failure
[OPENCV:FFMPEG:16] mmco: unref short failure
[OPENCV:FFMPEG:16] mmco: unref short failure
[OPENCV:FFMPEG:16] mmco: unref short failure
[OPENCV:FFMPEG:16] mmco: unref short failure
[OPENCV:FFMPEG:16] mmco: unref short failure
[OPENCV:FFMPEG:16] mmco: unref short failure
[OPENCV:FFMPEG:16] mmco: unref short failure
[OPENCV:FFMPEG:16] mmco: unref short failure
[OPENCV:FFMPEG:16] mmco: unref short failure
[OPENCV:FFMPEG:16] mmco: unref short failure
[OPENCV:FFMPEG:16] mmco: unref short failure
[OPENCV:FFMPEG:16] mmco: unref short failure
[OPENCV:FFMPEG:16] mmco: unref short failure
[OPENCV:FFMPEG:16] mmco: unref short failure
[OPENCV:FFMPEG:16] mmco: unref short failure
[OPENCV:FFMPEG:16] mmco: unref short failure
[OPENCV:FFMPEG:16] mmco: unref short failure
[OPENCV:FFMPEG:16] mmco: unref short failure
[OPENCV:FFMPEG:16] mmco: unref short failure
[OPENCV:FFMPEG:16] mmco: unref short failure
[OPENCV:FFMPEG:16] mmco: unref short failure
[OPENCV:FFMPEG:16] mmco: unref short failure
[OPENCV:FFMPEG:16] mmco: unref short failure
[OPENCV:FFMPEG:16] mmco: unref short failure
[OPENCV:FFMPEG:16] mmco: unref short failure
[OPENCV:FFMPEG:16] mmco: unref short failure
[OPENCV:FFMPEG:16] mmco: unref short failure
[OPENCV:FFMPEG:16] mmco: unref short failure
[OPENCV:FFMPEG:16] mmco: unref short failure
[OPENCV:FFMPEG:16] mmco: unref short failure
[OPENCV:FFMPEG:16] mmco: unref short failure
[OPENCV:FFMPEG:16] mmco: unref short failure
[OPENCV:FFMPEG:16] mmco: unref short failure
[OPENCV:FFMPEG:16] mmco: unref short failure
[OPENCV:FFMPEG:16] mmco: unref short failure
[OPENCV:FFMPEG:16] mmco: unref short failure
[OPENCV:FFMPEG:16] mmco: unref short failure
[OPENCV:FFMPEG:16] mmco: unref short failure
[OPENCV:FFMPEG:16] mmco: unref short failure
[OPENCV:FFMPEG:16] mmco: unref short failure
[OPENCV:FFMPEG:16] mmco: unref short failure
[OPENCV:FFMPEG:16] mmco: unref short failure
[OPENCV:FFMPEG:16] mmco: unref short failure
[OPENCV:FFMPEG:16] mmco: unref short failure
[OPENCV:FFMPEG:16] mmco: unref short failure
[OPENCV:FFMPEG:16] mmco: unref short failure
[OPENCV:FFMPEG:16] mmco: unref short failure
[OPENCV:FFMPEG:16] mmco: unref short failure
[OPENCV:FFMPEG:16] mmco: unref short failure
[OPENCV:FFMPEG:16] mmco: unref short failure
[OPENCV:FFMPEG:16] mmco: unref short failure
[OPENCV:FFMPEG:16] mmco: unref short failure
[OPENCV:FFMPEG:16] mmco: unref short failure
[OPENCV:FFMPEG:16] mmco: unref short failure
[OPENCV:FFMPEG:16] mmco: unref short failure
[OPENCV:FFMPEG:16] mmco: unref short failure
[OPENCV:FFMPEG:16] mmco: unref short failure
[OPENCV:FFMPEG:16] mmco: unref short failure
[OPENCV:FFMPEG:16] mmco: unref short failure
[OPENCV:FFMPEG:16] mmco: unref short failure
[OPENCV:FFMPEG:16] mmco: unref short failure
[OPENCV:FFMPEG:16] mmco: unref short failure
[OPENCV:FFMPEG:16] mmco: unref short failure
[OPENCV:FFMPEG:16] mmco: unref short failure
[OPENCV:FFMPEG:16] mmco: unref short failure
[OPENCV:FFMPEG:16] mmco: unref short failure
[OPENCV:FFMPEG:16] mmco: unref short failure
[OPENCV:FFMPEG:16] mmco: unref short failure
[OPENCV:FFMPEG:16] mmco: unref short failure
[OPENCV:FFMPEG:16] mmco: unref short failure
[OPENCV:FFMPEG:16] mmco: unref short failure
[OPENCV:FFMPEG:16] mmco: unref short failure
[OPENCV:FFMPEG:16] mmco: unref short failure
[OPENCV:FFMPEG:16] mmco: unref short failure
[OPENCV:FFMPEG:16] mmco: unref short failure
[OPENCV:FFMPEG:16] mmco: unref short failure
[OPENCV:FFMPEG:16] mmco: unref short failure
[OPENCV:FFMPEG:16] mmco: unref short failure
[OPENCV:FFMPEG:16] mmco: unref short failure
[OPENCV:FFMPEG:16] mmco: unref short failure
[OPENCV:FFMPEG:16] mmco: unref short failure
[OPENCV:FFMPEG:16] mmco: unref short failure
[OPENCV:FFMPEG:16] mmco: unref short failure
[OPENCV:FFMPEG:16] mmco: unref short failure
[OPENCV:FFMPEG:16] mmco: unref short failure
[OPENCV:FFMPEG:16] mmco: unref short failure
[OPENCV:FFMPEG:16] mmco: unref short failure
[OPENCV:FFMPEG:16] mmco: unref short failure
[OPENCV:FFMPEG:16] mmco: unref short failure
[OPENCV:FFMPEG:16] mmco: unref short failure
[OPENCV:FFMPEG:16] mmco: unref short failure
[OPENCV:FFMPEG:16] mmco: unref short failure
[OPENCV:FFMPEG:16] mmco: unref short failure
[OPENCV:FFMPEG:16] mmco: unref short failure
[OPENCV:FFMPEG:16] mmco: unref short failure
[OPENCV:FFMPEG:16] mmco: unref short failure
[OPENCV:FFMPEG:16] mmco: unref short failure
[OPENCV:FFMPEG:16] mmco: unref short failure
[OPENCV:FFMPEG:16] mmco: unref short failure
[OPENCV:FFMPEG:16] mmco: unref short failure
[OPENCV:FFMPEG:16] mmco: unref short failure
[OPENCV:FFMPEG:16] mmco: unref short failure
[OPENCV:FFMPEG:16] mmco: unref short failure
[OPENCV:FFMPEG:16] mmco: unref short failure
[OPENCV:FFMPEG:16] mmco: unref short failure
[OPENCV:FFMPEG:16] mmco: unref short failure
[OPENCV:FFMPEG:16] mmco: unref short failure
[OPENCV:FFMPEG:16] mmco: unref short failure
[OPENCV:FFMPEG:16] mmco: unref short failure
[OPENCV:FFMPEG:16] mmco: unref short failure
[OPENCV:FFMPEG:16] mmco: unref short failure
[OPENCV:FFMPEG:16] mmco: unref short failure
[OPENCV:FFMPEG:16] mmco: unref short failure
[OPENCV:FFMPEG:16] mmco: unref short failure
[OPENCV:FFMPEG:16] mmco: unref short failure
[OPENCV:FFMPEG:16] mmco: unref short failure
[OPENCV:FFMPEG:16] mmco: unref short failure
[OPENCV:FFMPEG:16] mmco: unref short failure
[OPENCV:FFMPEG:16] mmco: unref short failure
[OPENCV:FFMPEG:16] mmco: unref short failure
[OPENCV:FFMPEG:16] mmco: unref short failure
[OPENCV:FFMPEG:16] mmco: unref short failure
[OPENCV:FFMPEG:16] mmco: unref short failure
[OPENCV:FFMPEG:16] mmco: unref short failure
[OPENCV:FFMPEG:16] mmco: unref short failure
[OPENCV:FFMPEG:16] mmco: unref short failure
[OPENCV:FFMPEG:16] mmco: unref short failure
[OPENCV:FFMPEG:16] mmco: unref short failure
[OPENCV:FFMPEG:16] mmco: unref short failure
[OPENCV:FFMPEG:16] mmco: unref short failure
[OPENCV:FFMPEG:16] mmco: unref short failure
[OPENCV:FFMPEG:16] mmco: unref short failure
[OPENCV:FFMPEG:16] mmco: unref short failure
[OPENCV:FFMPEG:16] mmco: unref short failure
[OPENCV:FFMPEG:16] mmco: unref short failure
[OPENCV:FFMPEG:16] mmco: unref short failure
[OPENCV:FFMPEG:16] mmco: unref short failure
[OPENCV:FFMPEG:16] mmco: unref short failure
[OPENCV:FFMPEG:16] mmco: unref short failure
[OPENCV:FFMPEG:16] mmco: unref short failure
[OPENCV:FFMPEG:16] mmco: unref short failure
[OPENCV:FFMPEG:16] mmco: unref short failure
[OPENCV:FFMPEG:16] mmco: unref short failure
[OPENCV:FFMPEG:16] mmco: unref short failure
[OPENCV:FFMPEG:16] mmco: unref short failure
[OPENCV:FFMPEG:16] mmco: unref short failure
[OPENCV:FFMPEG:16] mmco: unref short failure
[OPENCV:FFMPEG:16] mmco: unref short failure
[OPENCV:FFMPEG:16] mmco: unref short failure
[OPENCV:FFMPEG:16] mmco: unref short failure
[OPENCV:FFMPEG:16] mmco: unref short failure
[OPENCV:FFMPEG:16] mmco: unref short failure
[OPENCV:FFMPEG:16] mmco: unref short failure
[OPENCV:FFMPEG:16] mmco: unref short failure
[OPENCV:FFMPEG:16] mmco: unref short failure
[OPENCV:FFMPEG:16] mmco: unref short failure
[OPENCV:FFMPEG:16] mmco: unref short failure
[OPENCV:FFMPEG:16] mmco: unref short failure
[OPENCV:FFMPEG:16] mmco: unref short failure
[OPENCV:FFMPEG:16] mmco: unref short failure
[OPENCV:FFMPEG:16] mmco: unref short failure
[OPENCV:FFMPEG:16] mmco: unref short failure
[OPENCV:FFMPEG:16] mmco: unref short failure
[OPENCV:FFMPEG:16] mmco: unref short failure
[OPENCV:FFMPEG:16] mmco: unref short failure
[OPENCV:FFMPEG:16] mmco: unref short failure
[OPENCV:FFMPEG:16] mmco: unref short failure
[OPENCV:FFMPEG:16] mmco: unref short failure
[OPENCV:FFMPEG:16] mmco: unref short failure
[OPENCV:FFMPEG:16] mmco: unref short failure
[OPENCV:FFMPEG:16] mmco: unref short failure
[OPENCV:FFMPEG:16] mmco: unref short failure
[OPENCV:FFMPEG:16] mmco: unref short failure
[OPENCV:FFMPEG:16] mmco: unref short failure
[OPENCV:FFMPEG:16] mmco: unref short failure
[OPENCV:FFMPEG:16] mmco: unref short failure
[OPENCV:FFMPEG:16] mmco: unref short failure
[OPENCV:FFMPEG:16] mmco: unref short failure
[OPENCV:FFMPEG:16] mmco: unref short failure
[OPENCV:FFMPEG:16] mmco: unref short failure
[OPENCV:FFMPEG:16] mmco: unref short failure
[OPENCV:FFMPEG:16] mmco: unref short failure
[OPENCV:FFMPEG:16] mmco: unref short failure
[OPENCV:FFMPEG:16] mmco: unref short failure
[OPENCV:FFMPEG:16] mmco: unref short failure
[OPENCV:FFMPEG:16] mmco: unref short failure
[OPENCV:FFMPEG:16] mmco: unref short failure
[OPENCV:FFMPEG:16] mmco: unref short failure
[OPENCV:FFMPEG:16] mmco: unref short failure
[OPENCV:FFMPEG:16] mmco: unref short failure
[OPENCV:FFMPEG:16] mmco: unref short failure
[OPENCV:FFMPEG:16] mmco: unref short failure
[OPENCV:FFMPEG:16] mmco: unref short failure
[OPENCV:FFMPEG:16] mmco: unref short failure
[OPENCV:FFMPEG:16] mmco: unref short failure
[OPENCV:FFMPEG:16] mmco: unref short failure
[OPENCV:FFMPEG:16] mmco: unref short failure
[OPENCV:FFMPEG:16] mmco: unref short failure
[OPENCV:FFMPEG:16] mmco: unref short failure
[OPENCV:FFMPEG:16] mmco: unref short failure
[OPENCV:FFMPEG:16] mmco: unref short failure
[OPENCV:FFMPEG:16] mmco: unref short failure
[OPENCV:FFMPEG:16] mmco: unref short failure
[OPENCV:FFMPEG:16] mmco: unref short failure
[OPENCV:FFMPEG:16] mmco: unref short failure
[OPENCV:FFMPEG:16] mmco: unref short failure
[OPENCV:FFMPEG:16] mmco: unref short failure
[OPENCV:FFMPEG:16] mmco: unref short failure
[OPENCV:FFMPEG:16] mmco: unref short failure
[OPENCV:FFMPEG:16] mmco: unref short failure
[OPENCV:FFMPEG:16] mmco: unref short failure
[OPENCV:FFMPEG:16] mmco: unref short failure
[OPmatch 01 train: 300 positive, 300 negative images
match 02 train: 300 positive, 300 negative images
match 03 train: 300 positive, 300 negative images
match 04 train: 300 positive, 300 negative images
match 05 train: 300 positive, 300 negative images
match 06 train: 300 positive, 300 negative images
match 07 train: 300 positive, 300 negative images
match 08 train: 300 positive, 300 negative images
match 09 train: 300 positive, 300 negative images
match 10 train: 300 positive, 300 negative images
match 11 train: 300 positive, 300 negative images
match 12 train: 300 positive, 300 negative images
match 13 train: 300 positive, 300 negative images
match 14 train: 300 positive, 300 negative images
match 15 train: 300 positive, 300 negative images
match 16 train: 300 positive, 300 negative images
match 17 train: 300 positive, 300 negative images
match 18 train: 300 positive, 300 negative images
match 19 train: 300 positive, 300 negative images
match 20 train: 300 positive, 300 negative images
match 21 train: 300 positive, 300 negative images
match 22 train: 300 positive, 300 negative images
match 23 train: 300 positive, 300 negative images
match 24 train: 300 positive, 300 negative images
match 25 train: 300 positive, 300 negative images
match 26 train: 300 positive, 300 negative images
match 27 train: 300 positive, 300 negative images
match 28 train: 300 positive, 300 negative images
match 29 train: 300 positive, 300 negative images
match 30 train: 300 positive, 300 negative images
match 31 train: 300 positive, 300 negative images
match 32 train: 300 positive, 300 negative images
match 33 train: 300 positive, 300 negative images
match 34 train: 300 positive, 300 negative images
match 35 val: 300 positive, 300 negative images
match 36 val: 300 positive, 300 negative images
match 37 val: 300 positive, 300 negative images
match 38 val: 300 positive, 300 negative images
match 39 val: 300 positive, 300 negative images
match 40 test: 300 positive, 300 negative images
match 41 test: 300 positive, 300 negative images
match 42 test: 300 positive, 300 negative images
match 43 test: 300 positive, 300 negative images
match 44 test: 300 positive, 300 negative images
{
  "generated_at_utc": "2026-06-04T21:39:01.534614+00:00",
  "script": "project/tools/phase05_build_sacnn_dataset.py",
  "output_root": "project/dataset/sa_cnn_data_all44",
  "raw_video_root": "project/dataset/ShuttleSet_raw_videos",
  "set_root": "project/dataset/ShuttleSet/set",
  "match_csv": "project/dataset/ShuttleSet/set/match.csv",
  "decoder_requested": "auto",
  "decoder_counts": {
    "opencv": 35,
    "ffmpeg": 9
  },
  "seed": 20260603,
  "samples_per_class_per_video": 300,
  "positive_pad_sec": 2.0,
  "negative_guard_sec": 4.0,
  "min_sample_gap_sec": 1.0,
  "resize_width": 384,
  "resize_height": 216,
  "video_jobs": 44,
  "videos_ok": 44,
  "videos_incomplete": 0,
  "split_counts": {
    "train": {
      "0": 10200,
      "1": 10200
    },
    "val": {
      "0": 1500,
      "1": 1500
    },
    "test": {
      "0": 1500,
      "1": 1500
    }
  },
  "total_images": 26400
}
ENCV:FFMPEG:16] mmco: unref short failure
[OPENCV:FFMPEG:16] mmco: unref short failure
