epoch 001: train_loss=0.4066 val_loss=0.3345 val_f1=0.8863 val_recall=0.8527
epoch 002: train_loss=0.3704 val_loss=0.3117 val_f1=0.8910 val_recall=0.8580
epoch 003: train_loss=0.3563 val_loss=0.2866 val_f1=0.8920 val_recall=0.8587
epoch 004: train_loss=0.3450 val_loss=0.2875 val_f1=0.8943 val_recall=0.8767
epoch 005: train_loss=0.3392 val_loss=0.2668 val_f1=0.8940 val_recall=0.8633
epoch 006: train_loss=0.3306 val_loss=0.2678 val_f1=0.8938 val_recall=0.8693
epoch 007: train_loss=0.3296 val_loss=0.2662 val_f1=0.8935 val_recall=0.8700
epoch 008: train_loss=0.3249 val_loss=0.2630 val_f1=0.8950 val_recall=0.8747
epoch 009: train_loss=0.3207 val_loss=0.2645 val_f1=0.8959 val_recall=0.8840
epoch 010: train_loss=0.3147 val_loss=0.2530 val_f1=0.8954 val_recall=0.8673
epoch 011: train_loss=0.3094 val_loss=0.2628 val_f1=0.8982 val_recall=0.8440
epoch 012: train_loss=0.3042 val_loss=0.2501 val_f1=0.8976 val_recall=0.8740
epoch 013: train_loss=0.3022 val_loss=0.2498 val_f1=0.8990 val_recall=0.8753
epoch 014: train_loss=0.2991 val_loss=0.2489 val_f1=0.8980 val_recall=0.8713
epoch 015: train_loss=0.2989 val_loss=0.2720 val_f1=0.9005 val_recall=0.8480
epoch 016: train_loss=0.2945 val_loss=0.2493 val_f1=0.9013 val_recall=0.8740
epoch 017: train_loss=0.2908 val_loss=0.2465 val_f1=0.8997 val_recall=0.8700
epoch 018: train_loss=0.2884 val_loss=0.2472 val_f1=0.9020 val_recall=0.8713
epoch 019: train_loss=0.2868 val_loss=0.2480 val_f1=0.9010 val_recall=0.8800
epoch 020: train_loss=0.2860 val_loss=0.2563 val_f1=0.9026 val_recall=0.8927
{
  "generated_at_utc": "2026-06-04T21:50:56.814016+00:00",
  "script": "project/tools/phase05_train_sacnn.py",
  "data_root": "project/dataset/sa_cnn_data_all44",
  "output_root": "project/outputs/sacnn_training_protocol",
  "best_weight": "project/outputs/sacnn_training_protocol/best_sacnn.pt",
  "last_weight": "project/outputs/sacnn_training_protocol/last_sacnn.pt",
  "phase05_weight": "project/weights/sacnn_shuttleset_finetuned_protocol.pt",
  "init_weights": "external_repos/Automated-Hit-frame-Detection-for-Badminton-Match-Analysis/src/models/weights/sacnn.pt",
  "device": "cuda:0",
  "gpu_id": 0,
  "torch_version": "2.7.1+cu126",
  "torch_cuda_available": true,
  "torch_cuda_device_count": 8,
  "seed": 20260605,
  "train_splits": [
    "train"
  ],
  "val_splits": [
    "val"
  ],
  "overlapping_train_val_splits": [],
  "epochs": 20,
  "epochs_completed": 20,
  "batch_size": 64,
  "lr": 0.0001,
  "weight_decay": 0.0001,
  "early_stop_epochs": 5,
  "train_size": 20400,
  "val_size": 3000,
  "classes": [
    "0",
    "1"
  ],
  "best_epoch": 20,
  "best_val_f1": 0.9025952140208966,
  "protocol_note": "Disjoint train and validation splits for protocol model selection.",
  "history": [
    {
      "epoch": 1,
      "train": {
        "accuracy": 0.8263235294117647,
        "precision": 0.8962028329960718,
        "recall": 0.7381372549019608,
        "f1": 0.8095263695500241,
        "tp": 7529.0,
        "fp": 872.0,
        "fn": 2671.0,
        "tn": 9328.0,
        "loss": 0.4065534056869208
      },
      "val": {
        "accuracy": 0.8906666666666667,
        "precision": 0.9227994227994228,
        "recall": 0.8526666666666667,
        "f1": 0.8863478863478864,
        "tp": 1279.0,
        "fp": 107.0,
        "fn": 221.0,
        "tn": 1393.0,
        "loss": 0.3344637115796407
      },
      "is_best": true
    },
    {
      "epoch": 2,
      "train": {
        "accuracy": 0.8384803921568628,
        "precision": 0.9162145871006631,
        "recall": 0.7450980392156863,
        "f1": 0.8218437415517708,
        "tp": 7600.0,
        "fp": 695.0,
        "fn": 2600.0,
        "tn": 9505.0,
        "loss": 0.37036757373342327
      },
      "val": {
        "accuracy": 0.895,
        "precision": 0.9265658747300216,
        "recall": 0.858,
        "f1": 0.8909657320872274,
        "tp": 1287.0,
        "fp": 102.0,
        "fn": 213.0,
        "tn": 1398.0,
        "loss": 0.3117416915098826
      },
      "is_best": true
    },
    {
      "epoch": 3,
      "train": {
        "accuracy": 0.8382843137254902,
        "precision": 0.911901635430345,
        "recall": 0.748921568627451,
        "f1": 0.8224148140173333,
        "tp": 7639.0,
        "fp": 738.0,
        "fn": 2561.0,
        "tn": 9462.0,
        "loss": 0.3563412837654937
      },
      "val": {
        "accuracy": 0.896,
        "precision": 0.9279538904899135,
        "recall": 0.8586666666666667,
        "f1": 0.8919667590027701,
        "tp": 1288.0,
        "fp": 100.0,
        "fn": 212.0,
        "tn": 1400.0,
        "loss": 0.2866029673417409
      },
      "is_best": true
    },
    {
      "epoch": 4,
      "train": {
        "accuracy": 0.8420098039215687,
        "precision": 0.9102669646007292,
        "recall": 0.7588235294117647,
        "f1": 0.8276747045928461,
        "tp": 7740.0,
        "fp": 763.0,
        "fn": 2460.0,
        "tn": 9437.0,
        "loss": 0.34500601076612286
      },
      "val": {
        "accuracy": 0.8963333333333333,
        "precision": 0.9125607217210271,
        "recall": 0.8766666666666667,
        "f1": 0.8942536552193131,
        "tp": 1315.0,
        "fp": 126.0,
        "fn": 185.0,
        "tn": 1374.0,
        "loss": 0.2875399779478709
      },
      "is_best": true
    },
    {
      "epoch": 5,
      "train": {
        "accuracy": 0.8452450980392157,
        "precision": 0.9175856753231353,
        "recall": 0.7586274509803922,
        "f1": 0.830569419846509,
        "tp": 7738.0,
        "fp": 695.0,
        "fn": 2462.0,
        "tn": 9505.0,
        "loss": 0.33915872562165356
      },
      "val": {
        "accuracy": 0.8976666666666666,
        "precision": 0.9269863994273443,
        "recall": 0.8633333333333333,
        "f1": 0.8940283051432515,
        "tp": 1295.0,
        "fp": 102.0,
        "fn": 205.0,
        "tn": 1398.0,
        "loss": 0.26681672978401183
      },
      "is_best": false
    },
    {
      "epoch": 6,
      "train": {
        "accuracy": 0.8456862745098039,
        "precision": 0.9165879017013232,
        "recall": 0.7605882352941177,
        "f1": 0.8313330475782253,
        "tp": 7758.0,
        "fp": 706.0,
        "fn": 2442.0,
        "tn": 9494.0,
        "loss": 0.33056097458390626
      },
      "val": {
        "accuracy": 0.8966666666666666,
        "precision": 0.919605077574048,
        "recall": 0.8693333333333333,
        "f1": 0.8937628512679917,
        "tp": 1304.0,
        "fp": 114.0,
        "fn": 196.0,
        "tn": 1386.0,
        "loss": 0.26781122374534605
      },
      "is_best": false
    },
    {
      "epoch": 7,
      "train": {
        "accuracy": 0.842843137254902,
        "precision": 0.9184015314668581,
        "recall": 0.7525490196078432,
        "f1": 0.8272443151201638,
        "tp": 7676.0,
        "fp": 682.0,
        "fn": 2524.0,
        "tn": 9518.0,
        "loss": 0.32956753999579186
      },
      "val": {
        "accuracy": 0.8963333333333333,
        "precision": 0.9183673469387755,
        "recall": 0.87,
        "f1": 0.8935296131461828,
        "tp": 1305.0,
        "fp": 116.0,
        "fn": 195.0,
        "tn": 1384.0,
        "loss": 0.26621375314394635
      },
      "is_best": false
    },
    {
      "epoch": 8,
      "train": {
        "accuracy": 0.8470098039215687,
        "precision": 0.9202184494835569,
        "recall": 0.7599019607843137,
        "f1": 0.8324115341244697,
        "tp": 7751.0,
        "fp": 672.0,
        "fn": 2449.0,
        "tn": 9528.0,
        "loss": 0.3249067488137414
      },
      "val": {
        "accuracy": 0.8973333333333333,
        "precision": 0.9162011173184358,
        "recall": 0.8746666666666667,
        "f1": 0.8949522510231923,
        "tp": 1312.0,
        "fp": 120.0,
        "fn": 188.0,
        "tn": 1380.0,
        "loss": 0.2629960463841756
      },
      "is_best": true
    },
    {
      "epoch": 9,
      "train": {
        "accuracy": 0.8465196078431373,
        "precision": 0.9209241395736573,
        "recall": 0.7581372549019608,
        "f1": 0.8316395117492069,
        "tp": 7733.0,
        "fp": 664.0,
        "fn": 2467.0,
        "tn": 9536.0,
        "loss": 0.32071757632143355
      },
      "val": {
        "accuracy": 0.8973333333333333,
        "precision": 0.9082191780821918,
        "recall": 0.884,
        "f1": 0.8959459459459459,
        "tp": 1326.0,
        "fp": 134.0,
        "fn": 174.0,
        "tn": 1366.0,
        "loss": 0.2644600385824839
      },
      "is_best": true
    },
    {
      "epoch": 10,
      "train": {
        "accuracy": 0.8501470588235294,
        "precision": 0.9219137625516834,
        "recall": 0.7650980392156863,
        "f1": 0.8362175194213769,
        "tp": 7804.0,
        "fp": 661.0,
        "fn": 2396.0,
        "tn": 9539.0,
        "loss": 0.3146872269873526
      },
      "val": {
        "accuracy": 0.8986666666666666,
        "precision": 0.9253200568990043,
        "recall": 0.8673333333333333,
        "f1": 0.8953888506538197,
        "tp": 1301.0,
        "fp": 105.0,
        "fn": 199.0,
        "tn": 1395.0,
        "loss": 0.2529815349578857
      },
      "is_best": false
    },
    {
      "epoch": 11,
      "train": {
        "accuracy": 0.8547549019607843,
        "precision": 0.9282755355663392,
        "recall": 0.768921568627451,
        "f1": 0.8411174861922892,
        "tp": 7843.0,
        "fp": 606.0,
        "fn": 2357.0,
        "tn": 9594.0,
        "loss": 0.3093878862320208
      },
      "val": {
        "accuracy": 0.9043333333333333,
        "precision": 0.9598180439727066,
        "recall": 0.844,
        "f1": 0.8981908478183753,
        "tp": 1266.0,
        "fp": 53.0,
        "fn": 234.0,
        "tn": 1447.0,
        "loss": 0.26282478046417235
      },
      "is_best": true
    },
    {
      "epoch": 12,
      "train": {
        "accuracy": 0.8545588235294118,
        "precision": 0.9293600854802327,
        "recall": 0.7674509803921569,
        "f1": 0.8406808784835955,
        "tp": 7828.0,
        "fp": 595.0,
        "fn": 2372.0,
        "tn": 9605.0,
        "loss": 0.3042296841799044
      },
      "val": {
        "accuracy": 0.9003333333333333,
        "precision": 0.9225897255453905,
        "recall": 0.874,
        "f1": 0.8976377952755906,
        "tp": 1311.0,
        "fp": 110.0,
        "fn": 189.0,
        "tn": 1390.0,
        "loss": 0.2500873766740163
      },
      "is_best": false
    },
    {
      "epoch": 13,
      "train": {
        "accuracy": 0.8541176470588235,
        "precision": 0.9263456090651558,
        "recall": 0.7694117647058824,
        "f1": 0.840616966580977,
        "tp": 7848.0,
        "fp": 624.0,
        "fn": 2352.0,
        "tn": 9576.0,
        "loss": 0.3022377787384332
      },
      "val": {
        "accuracy": 0.9016666666666666,
        "precision": 0.9239971850809289,
        "recall": 0.8753333333333333,
        "f1": 0.8990071893187265,
        "tp": 1313.0,
        "fp": 108.0,
        "fn": 187.0,
        "tn": 1392.0,
        "loss": 0.24979097851117452
      },
      "is_best": true
    },
    {
      "epoch": 14,
      "train": {
        "accuracy": 0.8550980392156863,
        "precision": 0.9287405303030303,
        "recall": 0.7692156862745098,
        "f1": 0.8414843414843415,
        "tp": 7846.0,
        "fp": 602.0,
        "fn": 2354.0,
        "tn": 9598.0,
        "loss": 0.29906771451819175
      },
      "val": {
        "accuracy": 0.901,
        "precision": 0.926293408929837,
        "recall": 0.8713333333333333,
        "f1": 0.8979732050841636,
        "tp": 1307.0,
        "fp": 104.0,
        "fn": 193.0,
        "tn": 1396.0,
        "loss": 0.24885446921984355
      },
      "is_best": false
    },
    {
      "epoch": 15,
      "train": {
        "accuracy": 0.8544607843137255,
        "precision": 0.9266076696165192,
        "recall": 0.7699019607843137,
        "f1": 0.8410174029451138,
        "tp": 7853.0,
        "fp": 622.0,
        "fn": 2347.0,
        "tn": 9578.0,
        "loss": 0.2988593676277235
      },
      "val": {
        "accuracy": 0.9063333333333333,
        "precision": 0.96,
        "recall": 0.848,
        "f1": 0.9005309734513274,
        "tp": 1272.0,
        "fp": 53.0,
        "fn": 228.0,
        "tn": 1447.0,
        "loss": 0.27195596941312156
      },
      "is_best": true
    },
    {
      "epoch": 16,
      "train": {
        "accuracy": 0.8565196078431373,
        "precision": 0.9312225779675086,
        "recall": 0.7699019607843137,
        "f1": 0.8429131111468899,
        "tp": 7853.0,
        "fp": 580.0,
        "fn": 2347.0,
        "tn": 9620.0,
        "loss": 0.29447069909058365
      },
      "val": {
        "accuracy": 0.9043333333333333,
        "precision": 0.9304471256210078,
        "recall": 0.874,
        "f1": 0.9013406668958405,
        "tp": 1311.0,
        "fp": 98.0,
        "fn": 189.0,
        "tn": 1402.0,
        "loss": 0.2493431589603424
      },
      "is_best": true
    },
    {
      "epoch": 17,
      "train": {
        "accuracy": 0.8566176470588235,
        "precision": 0.9305243224050184,
        "recall": 0.7707843137254902,
        "f1": 0.8431551289613384,
        "tp": 7862.0,
        "fp": 587.0,
        "fn": 2338.0,
        "tn": 9613.0,
        "loss": 0.2907833086158715
      },
      "val": {
        "accuracy": 0.903,
        "precision": 0.9314775160599572,
        "recall": 0.87,
        "f1": 0.8996897621509824,
        "tp": 1305.0,
        "fp": 96.0,
        "fn": 195.0,
        "tn": 1404.0,
        "loss": 0.24653868436813353
      },
      "is_best": false
    },
    {
      "epoch": 18,
      "train": {
        "accuracy": 0.8564705882352941,
        "precision": 0.9325481798715204,
        "recall": 0.7685294117647059,
        "f1": 0.8426314092228313,
        "tp": 7839.0,
        "fp": 567.0,
        "fn": 2361.0,
        "tn": 9633.0,
        "loss": 0.28835447487877863
      },
      "val": {
        "accuracy": 0.9053333333333333,
        "precision": 0.9349070100143062,
        "recall": 0.8713333333333333,
        "f1": 0.9020013802622499,
        "tp": 1307.0,
        "fp": 91.0,
        "fn": 193.0,
        "tn": 1409.0,
        "loss": 0.24724818992614747
      },
      "is_best": true
    },
    {
      "epoch": 19,
      "train": {
        "accuracy": 0.8563235294117647,
        "precision": 0.9325240985362371,
        "recall": 0.768235294117647,
        "f1": 0.8424447669730688,
        "tp": 7836.0,
        "fp": 567.0,
        "fn": 2364.0,
        "tn": 9633.0,
        "loss": 0.2868461322667552
      },
      "val": {
        "accuracy": 0.9033333333333333,
        "precision": 0.9230769230769231,
        "recall": 0.88,
        "f1": 0.9010238907849829,
        "tp": 1320.0,
        "fp": 110.0,
        "fn": 180.0,
        "tn": 1390.0,
        "loss": 0.24804287536938985
      },
      "is_best": false
    },
    {
      "epoch": 20,
      "train": {
        "accuracy": 0.8571078431372549,
        "precision": 0.9315247008648264,
        "recall": 0.7708823529411765,
        "f1": 0.8436242690842766,
        "tp": 7863.0,
        "fp": 578.0,
        "fn": 2337.0,
        "tn": 9622.0,
        "loss": 0.28595001269789305
      },
      "val": {
        "accuracy": 0.9036666666666666,
        "precision": 0.912747102931152,
        "recall": 0.8926666666666667,
        "f1": 0.9025952140208966,
        "tp": 1339.0,
        "fp": 128.0,
        "fn": 161.0,
        "tn": 1372.0,
        "loss": 0.2563220222791036
      },
      "is_best": true
    }
  ]
}
